<?xml version="1.0" encoding="UTF-8"?>
<!-- Generated by org.testng.reporters.JUnitReportReporter -->
<testsuite hostname="DESKTOP-Q2OHRB1" failures="0" tests="2" name="com.propertymonitor.tests.LoginPageTest" time="0.100" errors="0" timestamp="2025-05-22T01:13:36 IST" skipped="0">
  <testcase classname="com.propertymonitor.tests.LoginPageTest" name="testValidLoginLandsOnProjectSearch" time="0.051"/>
  <testcase classname="com.propertymonitor.tests.LoginPageTest" name="verifyProjectSearchUrlLoaded" time="0.049"/>
</testsuite> <!-- com.propertymonitor.tests.LoginPageTest -->
