<?xml version="1.0" encoding="UTF-8"?>
<!-- Generated by org.testng.reporters.JUnitReportReporter -->
<testsuite hostname="DESKTOP-Q2OHRB1" failures="0" tests="6" name="com.propertymonitor.tests.ProjectSearchTest" time="52.214" errors="0" timestamp="2025-05-22T01:13:36 IST" skipped="0">
  <testcase classname="com.propertymonitor.tests.ProjectSearchTest" name="testSearchLocationUpdatesProjectCount" time="17.307"/>
  <testcase classname="com.propertymonitor.tests.ProjectSearchTest" name="testClearLocationUpdatesProjectCount" time="6.687"/>
  <testcase classname="com.propertymonitor.tests.ProjectSearchTest" name="testSelectApartmentUnitType" time="9.225"/>
  <testcase classname="com.propertymonitor.tests.ProjectSearchTest" name="testUnselectApartmentUnitType" time="6.743"/>
  <testcase classname="com.propertymonitor.tests.ProjectSearchTest" name="testUncheckUpcomingSaleStatus" time="7.538"/>
  <testcase classname="com.propertymonitor.tests.ProjectSearchTest" name="testSelectUpcomingSaleStatus" time="4.714"/>
</testsuite> <!-- com.propertymonitor.tests.ProjectSearchTest -->
