<?xml version="1.0" encoding="UTF-8"?>
<!-- Generated by org.testng.reporters.JUnitReportReporter -->
<testsuite hostname="DESKTOP-Q2OHRB1" failures="0" tests="2" name="com.propertymonitor.tests.LoginPageTest" time="0.336" errors="0" timestamp="2025-05-20T11:50:09 IST" skipped="0">
  <testcase classname="com.propertymonitor.tests.LoginPageTest" name="testValidLoginLandsOnProjectSearch" time="0.299"/>
  <testcase classname="com.propertymonitor.tests.LoginPageTest" name="verifyProjectSearchUrlLoaded" time="0.037"/>
</testsuite> <!-- com.propertymonitor.tests.LoginPageTest -->
