<?xml version="1.0" encoding="UTF-8"?>
<!-- Generated by org.testng.reporters.JUnitReportReporter -->
<testsuite hostname="DESKTOP-Q2OHRB1" failures="0" tests="2" name="com.propertymonitor.pages.LoginPage" time="0.062" errors="0" timestamp="2025-05-16T23:16:01 IST" skipped="0">
  <testcase classname="com.propertymonitor.pages.LoginPage" name="testValidLogin" time="0.037"/>
  <testcase classname="com.propertymonitor.pages.LoginPage" name="verifyProjectSearchPageURL" time="0.025"/>
</testsuite> <!-- com.propertymonitor.pages.LoginPage -->
