<?xml version="1.0" encoding="UTF-8"?>
<!-- Generated by org.testng.reporters.JUnitReportReporter -->
<testsuite hostname="DESKTOP-Q2OHRB1" failures="0" tests="6" name="com.propertymonitor.tests.ProjectSearchTest" time="40.332" errors="0" timestamp="2025-05-20T11:50:09 IST" skipped="0">
  <testcase classname="com.propertymonitor.tests.ProjectSearchTest" name="testSearchLocationUpdatesProjectCount" time="12.749"/>
  <testcase classname="com.propertymonitor.tests.ProjectSearchTest" name="testClearLocationUpdatesProjectCount" time="4.806"/>
  <testcase classname="com.propertymonitor.tests.ProjectSearchTest" name="testSelectApartmentUnitType" time="7.189"/>
  <testcase classname="com.propertymonitor.tests.ProjectSearchTest" name="testUnselectApartmentUnitType" time="5.151"/>
  <testcase classname="com.propertymonitor.tests.ProjectSearchTest" name="testUncheckUpcomingSaleStatus" time="7.050"/>
  <testcase classname="com.propertymonitor.tests.ProjectSearchTest" name="testSelectUpcomingSaleStatus" time="3.387"/>
</testsuite> <!-- com.propertymonitor.tests.ProjectSearchTest -->
